{"level":"INFO","message":"[9:59:06.630 AM]: Creating new connection object"}
{"level":"INFO","message":"[9:59:06.639 AM]: Creating Connection[id: 52f00408-9721-4c32-803f-7535e121d2ae] with host: zgiqitg-muve_reader_account.snowflakecomputing.com, account: zgiqitg-muve_reader_account, accessUrl: https://zgiqitg-muve_reader_account.snowflakecomputing.com, user: MUVE_ADMIN, role: , database: , schema: , warehouse: COMPUTE_WH, proxy was not configured, password is provided, region: undefined, authenticator: SNOWFLAKE, ocsp mode: FAIL_OPEN, os: darwin, os version: 24.6.0"}
{"level":"INFO","message":"[9:59:06.639 AM]: Connection[id: 52f00408-9721-4c32-803f-7535e121d2ae] additional details: passcode in password is provided, passcode is not provided, private key is not provided, application: undefined, client name: snowflake-sdk, client version: 2.2.0, retry timeout: 300, private key path: undefined, private key pass is not provided, client store temporary credential: false, browser response timeout: 120000"}
{"level":"INFO","message":"[9:59:06.639 AM]: Connection[id: 52f00408-9721-4c32-803f-7535e121d2ae] - connection object created successfully."}
{"level":"INFO","message":"[9:59:06.639 AM]: Connection[id: 52f00408-9721-4c32-803f-7535e121d2ae] - connecting. Associated Snowflake domain: GLOBAL"}
{"level":"INFO","message":"[9:59:06.640 AM]: Connection[id: 52f00408-9721-4c32-803f-7535e121d2ae] - authentication successful using: SNOWFLAKE"}
{"level":"INFO","message":"[9:59:06.640 AM]: Trying to initialize Easy Logging"}
{"level":"INFO","message":"[9:59:06.641 AM]: No client config detected."}
{"level":"INFO","message":"[9:59:06.641 AM]: No config file path found. Client config will not be used."}
{"level":"INFO","message":"[9:59:06.641 AM]: Easy Logging is disabled as no config has been found"}
{"level":"INFO","message":"[9:59:06.643 AM]: Connection[id: 52f00408-9721-4c32-803f-7535e121d2ae] - connected successfully after 3.336416999999983 milliseconds"}
{"level":"INFO","message":"[10:06:13.983 AM]: Creating new connection object"}
{"level":"INFO","message":"[10:06:13.984 AM]: Creating Connection[id: 71e93846-3260-4140-81fc-00f9f26f1d06] with host: zgiqitg-muve_reader_account.snowflakecomputing.com, account: zgiqitg-muve_reader_account, accessUrl: https://zgiqitg-muve_reader_account.snowflakecomputing.com, user: MUVE_ADMIN, role: , database: , schema: , warehouse: COMPUTE_WH, proxy was not configured, password is provided, region: undefined, authenticator: SNOWFLAKE, ocsp mode: FAIL_OPEN, os: darwin, os version: 24.6.0"}
{"level":"INFO","message":"[10:06:13.984 AM]: Connection[id: 71e93846-3260-4140-81fc-00f9f26f1d06] additional details: passcode in password is provided, passcode is not provided, private key is not provided, application: undefined, client name: snowflake-sdk, client version: 2.2.0, retry timeout: 300, private key path: undefined, private key pass is not provided, client store temporary credential: false, browser response timeout: 120000"}
{"level":"INFO","message":"[10:06:13.984 AM]: Connection[id: 71e93846-3260-4140-81fc-00f9f26f1d06] - connection object created successfully."}
{"level":"INFO","message":"[10:06:13.984 AM]: Connection[id: 71e93846-3260-4140-81fc-00f9f26f1d06] - connecting. Associated Snowflake domain: GLOBAL"}
{"level":"INFO","message":"[10:06:13.984 AM]: Connection[id: 71e93846-3260-4140-81fc-00f9f26f1d06] - authentication successful using: SNOWFLAKE"}
{"level":"INFO","message":"[10:06:13.984 AM]: Connection[id: 71e93846-3260-4140-81fc-00f9f26f1d06] - connected successfully after 0.5973329999833368 milliseconds"}
{"level":"INFO","message":"[10:06:24.880 AM]: Creating new connection object"}
{"level":"INFO","message":"[10:06:24.880 AM]: Creating Connection[id: 8bae7106-a829-4a62-a8ce-24b987ac9352] with host: zgiqitg-muve_reader_account.snowflakecomputing.com, account: zgiqitg-muve_reader_account, accessUrl: https://zgiqitg-muve_reader_account.snowflakecomputing.com, user: MUVE_ADMIN, role: , database: , schema: , warehouse: COMPUTE_WH, proxy was not configured, password is provided, region: undefined, authenticator: SNOWFLAKE, ocsp mode: FAIL_OPEN, os: darwin, os version: 24.6.0"}
{"level":"INFO","message":"[10:06:24.880 AM]: Connection[id: 8bae7106-a829-4a62-a8ce-24b987ac9352] additional details: passcode in password is provided, passcode is not provided, private key is not provided, application: undefined, client name: snowflake-sdk, client version: 2.2.0, retry timeout: 300, private key path: undefined, private key pass is not provided, client store temporary credential: false, browser response timeout: 120000"}
{"level":"INFO","message":"[10:06:24.880 AM]: Connection[id: 8bae7106-a829-4a62-a8ce-24b987ac9352] - connection object created successfully."}
{"level":"INFO","message":"[10:06:24.880 AM]: Connection[id: 8bae7106-a829-4a62-a8ce-24b987ac9352] - connecting. Associated Snowflake domain: GLOBAL"}
{"level":"INFO","message":"[10:06:24.880 AM]: Connection[id: 8bae7106-a829-4a62-a8ce-24b987ac9352] - authentication successful using: SNOWFLAKE"}
{"level":"INFO","message":"[10:06:24.880 AM]: Connection[id: 8bae7106-a829-4a62-a8ce-24b987ac9352] - connected successfully after 0.3780409999890253 milliseconds"}
{"level":"INFO","message":"[10:06:32.450 AM]: Creating new connection object"}
{"level":"INFO","message":"[10:06:32.451 AM]: Creating Connection[id: 379e41a1-ea44-4cd0-8b3d-ddf18a78f04a] with host: zgiqitg-muve_reader_account.snowflakecomputing.com, account: zgiqitg-muve_reader_account, accessUrl: https://zgiqitg-muve_reader_account.snowflakecomputing.com, user: MUVE_ADMIN, role: , database: , schema: , warehouse: COMPUTE_WH, proxy was not configured, password is provided, region: undefined, authenticator: SNOWFLAKE, ocsp mode: FAIL_OPEN, os: darwin, os version: 24.6.0"}
{"level":"INFO","message":"[10:06:32.451 AM]: Connection[id: 379e41a1-ea44-4cd0-8b3d-ddf18a78f04a] additional details: passcode in password is provided, passcode is not provided, private key is not provided, application: undefined, client name: snowflake-sdk, client version: 2.2.0, retry timeout: 300, private key path: undefined, private key pass is not provided, client store temporary credential: false, browser response timeout: 120000"}
{"level":"INFO","message":"[10:06:32.451 AM]: Connection[id: 379e41a1-ea44-4cd0-8b3d-ddf18a78f04a] - connection object created successfully."}
{"level":"INFO","message":"[10:06:32.451 AM]: Connection[id: 379e41a1-ea44-4cd0-8b3d-ddf18a78f04a] - connecting. Associated Snowflake domain: GLOBAL"}
{"level":"INFO","message":"[10:06:32.451 AM]: Connection[id: 379e41a1-ea44-4cd0-8b3d-ddf18a78f04a] - authentication successful using: SNOWFLAKE"}
{"level":"INFO","message":"[10:06:32.451 AM]: Connection[id: 379e41a1-ea44-4cd0-8b3d-ddf18a78f04a] - connected successfully after 0.48112499999115244 milliseconds"}
{"level":"INFO","message":"[10:06:39.024 AM]: Creating new connection object"}
{"level":"INFO","message":"[10:06:39.024 AM]: Creating Connection[id: f77537f4-6eda-4cff-bb60-8a6c3efd1e63] with host: zgiqitg-muve_reader_account.snowflakecomputing.com, account: zgiqitg-muve_reader_account, accessUrl: https://zgiqitg-muve_reader_account.snowflakecomputing.com, user: MUVE_ADMIN, role: , database: , schema: , warehouse: COMPUTE_WH, proxy was not configured, password is provided, region: undefined, authenticator: SNOWFLAKE, ocsp mode: FAIL_OPEN, os: darwin, os version: 24.6.0"}
{"level":"INFO","message":"[10:06:39.024 AM]: Connection[id: f77537f4-6eda-4cff-bb60-8a6c3efd1e63] additional details: passcode in password is provided, passcode is not provided, private key is not provided, application: undefined, client name: snowflake-sdk, client version: 2.2.0, retry timeout: 300, private key path: undefined, private key pass is not provided, client store temporary credential: false, browser response timeout: 120000"}
{"level":"INFO","message":"[10:06:39.024 AM]: Connection[id: f77537f4-6eda-4cff-bb60-8a6c3efd1e63] - connection object created successfully."}
{"level":"INFO","message":"[10:06:39.025 AM]: Connection[id: f77537f4-6eda-4cff-bb60-8a6c3efd1e63] - connecting. Associated Snowflake domain: GLOBAL"}
{"level":"INFO","message":"[10:06:39.025 AM]: Connection[id: f77537f4-6eda-4cff-bb60-8a6c3efd1e63] - authentication successful using: SNOWFLAKE"}
{"level":"INFO","message":"[10:06:39.025 AM]: Connection[id: f77537f4-6eda-4cff-bb60-8a6c3efd1e63] - connected successfully after 0.4471250000060536 milliseconds"}
{"level":"INFO","message":"[1:08:26.075 PM]: Creating new connection object"}
{"level":"INFO","message":"[1:08:26.087 PM]: Creating Connection[id: 4837fccf-d219-4c73-895a-6df2eafff746] with host: zgiqitg-muve_reader_account.snowflakecomputing.com, account: zgiqitg-muve_reader_account, accessUrl: https://zgiqitg-muve_reader_account.snowflakecomputing.com, user: MUVE_ADMIN, role: , database: , schema: , warehouse: COMPUTE_WH, proxy was not configured, password is provided, region: undefined, authenticator: SNOWFLAKE, ocsp mode: FAIL_OPEN, os: darwin, os version: 24.6.0"}
{"level":"INFO","message":"[1:08:26.088 PM]: Connection[id: 4837fccf-d219-4c73-895a-6df2eafff746] additional details: passcode in password is provided, passcode is not provided, private key is not provided, application: undefined, client name: snowflake-sdk, client version: 2.2.0, retry timeout: 300, private key path: undefined, private key pass is not provided, client store temporary credential: false, browser response timeout: 120000"}
{"level":"INFO","message":"[1:08:26.088 PM]: Connection[id: 4837fccf-d219-4c73-895a-6df2eafff746] - connection object created successfully."}
{"level":"INFO","message":"[1:08:26.088 PM]: Connection[id: 4837fccf-d219-4c73-895a-6df2eafff746] - connecting. Associated Snowflake domain: GLOBAL"}
{"level":"INFO","message":"[1:08:26.089 PM]: Connection[id: 4837fccf-d219-4c73-895a-6df2eafff746] - authentication successful using: SNOWFLAKE"}
{"level":"INFO","message":"[1:08:26.089 PM]: Trying to initialize Easy Logging"}
{"level":"INFO","message":"[1:08:26.090 PM]: Creating new connection object"}
{"level":"INFO","message":"[1:08:26.090 PM]: Creating Connection[id: fce3eeed-f7fe-4d6e-a0c3-094f60ea1d99] with host: zgiqitg-muve_reader_account.snowflakecomputing.com, account: zgiqitg-muve_reader_account, accessUrl: https://zgiqitg-muve_reader_account.snowflakecomputing.com, user: MUVE_ADMIN, role: , database: , schema: , warehouse: COMPUTE_WH, proxy was not configured, password is provided, region: undefined, authenticator: SNOWFLAKE, ocsp mode: FAIL_OPEN, os: darwin, os version: 24.6.0"}
{"level":"INFO","message":"[1:08:26.090 PM]: Connection[id: fce3eeed-f7fe-4d6e-a0c3-094f60ea1d99] additional details: passcode in password is provided, passcode is not provided, private key is not provided, application: undefined, client name: snowflake-sdk, client version: 2.2.0, retry timeout: 300, private key path: undefined, private key pass is not provided, client store temporary credential: false, browser response timeout: 120000"}
{"level":"INFO","message":"[1:08:26.090 PM]: Connection[id: fce3eeed-f7fe-4d6e-a0c3-094f60ea1d99] - connection object created successfully."}
{"level":"INFO","message":"[1:08:26.090 PM]: Connection[id: fce3eeed-f7fe-4d6e-a0c3-094f60ea1d99] - connecting. Associated Snowflake domain: GLOBAL"}
{"level":"INFO","message":"[1:08:26.090 PM]: Connection[id: fce3eeed-f7fe-4d6e-a0c3-094f60ea1d99] - authentication successful using: SNOWFLAKE"}
{"level":"INFO","message":"[1:08:26.090 PM]: Trying to initialize Easy Logging"}
{"level":"INFO","message":"[1:08:26.091 PM]: No client config detected."}
{"level":"INFO","message":"[1:08:26.091 PM]: No config file path found. Client config will not be used."}
{"level":"INFO","message":"[1:08:26.091 PM]: Easy Logging is disabled as no config has been found"}
{"level":"INFO","message":"[1:08:26.092 PM]: Connection[id: 4837fccf-d219-4c73-895a-6df2eafff746] - connected successfully after 3.757959000300616 milliseconds"}
{"level":"INFO","message":"[1:08:26.108 PM]: No client config detected."}
{"level":"INFO","message":"[1:08:26.109 PM]: No config file path found. Client config will not be used."}
{"level":"INFO","message":"[1:08:26.109 PM]: Easy Logging is disabled as no config has been found"}
{"level":"INFO","message":"[1:08:26.109 PM]: Connection[id: fce3eeed-f7fe-4d6e-a0c3-094f60ea1d99] - connected successfully after 18.775207999628037 milliseconds"}
{"level":"INFO","message":"[1:08:45.883 PM]: Creating new connection object"}
{"level":"INFO","message":"[1:08:45.884 PM]: Creating Connection[id: c82423a0-ac04-4684-9caa-2019e10accfb] with host: zgiqitg-muve_reader_account.snowflakecomputing.com, account: zgiqitg-muve_reader_account, accessUrl: https://zgiqitg-muve_reader_account.snowflakecomputing.com, user: MUVE_ADMIN, role: , database: , schema: , warehouse: COMPUTE_WH, proxy was not configured, password is provided, region: undefined, authenticator: SNOWFLAKE, ocsp mode: FAIL_OPEN, os: darwin, os version: 24.6.0"}
{"level":"INFO","message":"[1:08:45.884 PM]: Connection[id: c82423a0-ac04-4684-9caa-2019e10accfb] additional details: passcode in password is provided, passcode is not provided, private key is not provided, application: undefined, client name: snowflake-sdk, client version: 2.2.0, retry timeout: 300, private key path: undefined, private key pass is not provided, client store temporary credential: false, browser response timeout: 120000"}
{"level":"INFO","message":"[1:08:45.884 PM]: Connection[id: c82423a0-ac04-4684-9caa-2019e10accfb] - connection object created successfully."}
{"level":"INFO","message":"[1:08:45.884 PM]: Connection[id: c82423a0-ac04-4684-9caa-2019e10accfb] - connecting. Associated Snowflake domain: GLOBAL"}
{"level":"INFO","message":"[1:08:45.884 PM]: Connection[id: c82423a0-ac04-4684-9caa-2019e10accfb] - authentication successful using: SNOWFLAKE"}
{"level":"INFO","message":"[1:08:45.884 PM]: Connection[id: c82423a0-ac04-4684-9caa-2019e10accfb] - connected successfully after 0.6695830002427101 milliseconds"}
{"level":"INFO","message":"[1:08:45.886 PM]: Creating new connection object"}
{"level":"INFO","message":"[1:08:45.886 PM]: Creating Connection[id: 47ac913c-6659-431f-a52b-214c1cbe7ef3] with host: zgiqitg-muve_reader_account.snowflakecomputing.com, account: zgiqitg-muve_reader_account, accessUrl: https://zgiqitg-muve_reader_account.snowflakecomputing.com, user: MUVE_ADMIN, role: , database: , schema: , warehouse: COMPUTE_WH, proxy was not configured, password is provided, region: undefined, authenticator: SNOWFLAKE, ocsp mode: FAIL_OPEN, os: darwin, os version: 24.6.0"}
{"level":"INFO","message":"[1:08:45.886 PM]: Connection[id: 47ac913c-6659-431f-a52b-214c1cbe7ef3] additional details: passcode in password is provided, passcode is not provided, private key is not provided, application: undefined, client name: snowflake-sdk, client version: 2.2.0, retry timeout: 300, private key path: undefined, private key pass is not provided, client store temporary credential: false, browser response timeout: 120000"}
{"level":"INFO","message":"[1:08:45.886 PM]: Connection[id: 47ac913c-6659-431f-a52b-214c1cbe7ef3] - connection object created successfully."}
{"level":"INFO","message":"[1:08:45.886 PM]: Connection[id: 47ac913c-6659-431f-a52b-214c1cbe7ef3] - connecting. Associated Snowflake domain: GLOBAL"}
{"level":"INFO","message":"[1:08:45.886 PM]: Connection[id: 47ac913c-6659-431f-a52b-214c1cbe7ef3] - authentication successful using: SNOWFLAKE"}
{"level":"INFO","message":"[1:08:45.886 PM]: Connection[id: 47ac913c-6659-431f-a52b-214c1cbe7ef3] - connected successfully after 0.34145900001749396 milliseconds"}
{"level":"INFO","message":"[1:08:49.427 PM]: Creating new connection object"}
{"level":"INFO","message":"[1:08:49.427 PM]: Creating Connection[id: df5e2a5a-d543-4b3c-912e-16f92c8ab59d] with host: zgiqitg-muve_reader_account.snowflakecomputing.com, account: zgiqitg-muve_reader_account, accessUrl: https://zgiqitg-muve_reader_account.snowflakecomputing.com, user: MUVE_ADMIN, role: , database: , schema: , warehouse: COMPUTE_WH, proxy was not configured, password is provided, region: undefined, authenticator: SNOWFLAKE, ocsp mode: FAIL_OPEN, os: darwin, os version: 24.6.0"}
{"level":"INFO","message":"[1:08:49.427 PM]: Connection[id: df5e2a5a-d543-4b3c-912e-16f92c8ab59d] additional details: passcode in password is provided, passcode is not provided, private key is not provided, application: undefined, client name: snowflake-sdk, client version: 2.2.0, retry timeout: 300, private key path: undefined, private key pass is not provided, client store temporary credential: false, browser response timeout: 120000"}
{"level":"INFO","message":"[1:08:49.427 PM]: Connection[id: df5e2a5a-d543-4b3c-912e-16f92c8ab59d] - connection object created successfully."}
{"level":"INFO","message":"[1:08:49.427 PM]: Connection[id: df5e2a5a-d543-4b3c-912e-16f92c8ab59d] - connecting. Associated Snowflake domain: GLOBAL"}
{"level":"INFO","message":"[1:08:49.428 PM]: Connection[id: df5e2a5a-d543-4b3c-912e-16f92c8ab59d] - authentication successful using: SNOWFLAKE"}
{"level":"INFO","message":"[1:08:49.428 PM]: Connection[id: df5e2a5a-d543-4b3c-912e-16f92c8ab59d] - connected successfully after 0.5475419997237623 milliseconds"}
{"level":"INFO","message":"[1:08:49.430 PM]: Creating new connection object"}
{"level":"INFO","message":"[1:08:49.430 PM]: Creating Connection[id: 7b31ef1e-eb35-4907-a5d6-54e92e47c9b1] with host: zgiqitg-muve_reader_account.snowflakecomputing.com, account: zgiqitg-muve_reader_account, accessUrl: https://zgiqitg-muve_reader_account.snowflakecomputing.com, user: MUVE_ADMIN, role: , database: , schema: , warehouse: COMPUTE_WH, proxy was not configured, password is provided, region: undefined, authenticator: SNOWFLAKE, ocsp mode: FAIL_OPEN, os: darwin, os version: 24.6.0"}
{"level":"INFO","message":"[1:08:49.431 PM]: Connection[id: 7b31ef1e-eb35-4907-a5d6-54e92e47c9b1] additional details: passcode in password is provided, passcode is not provided, private key is not provided, application: undefined, client name: snowflake-sdk, client version: 2.2.0, retry timeout: 300, private key path: undefined, private key pass is not provided, client store temporary credential: false, browser response timeout: 120000"}
{"level":"INFO","message":"[1:08:49.431 PM]: Connection[id: 7b31ef1e-eb35-4907-a5d6-54e92e47c9b1] - connection object created successfully."}
{"level":"INFO","message":"[1:08:49.431 PM]: Connection[id: 7b31ef1e-eb35-4907-a5d6-54e92e47c9b1] - connecting. Associated Snowflake domain: GLOBAL"}
{"level":"INFO","message":"[1:08:49.431 PM]: Connection[id: 7b31ef1e-eb35-4907-a5d6-54e92e47c9b1] - authentication successful using: SNOWFLAKE"}
{"level":"INFO","message":"[1:08:49.431 PM]: Connection[id: 7b31ef1e-eb35-4907-a5d6-54e92e47c9b1] - connected successfully after 0.4809170002117753 milliseconds"}
{"level":"INFO","message":"[1:09:01.182 PM]: Creating new connection object"}
{"level":"INFO","message":"[1:09:01.183 PM]: Creating Connection[id: c4489245-6e9e-4b95-8c40-469046386e09] with host: zgiqitg-muve_reader_account.snowflakecomputing.com, account: zgiqitg-muve_reader_account, accessUrl: https://zgiqitg-muve_reader_account.snowflakecomputing.com, user: MUVE_ADMIN, role: , database: , schema: , warehouse: COMPUTE_WH, proxy was not configured, password is provided, region: undefined, authenticator: SNOWFLAKE, ocsp mode: FAIL_OPEN, os: darwin, os version: 24.6.0"}
{"level":"INFO","message":"[1:09:01.183 PM]: Connection[id: c4489245-6e9e-4b95-8c40-469046386e09] additional details: passcode in password is provided, passcode is not provided, private key is not provided, application: undefined, client name: snowflake-sdk, client version: 2.2.0, retry timeout: 300, private key path: undefined, private key pass is not provided, client store temporary credential: false, browser response timeout: 120000"}
{"level":"INFO","message":"[1:09:01.183 PM]: Connection[id: c4489245-6e9e-4b95-8c40-469046386e09] - connection object created successfully."}
{"level":"INFO","message":"[1:09:01.183 PM]: Connection[id: c4489245-6e9e-4b95-8c40-469046386e09] - connecting. Associated Snowflake domain: GLOBAL"}
{"level":"INFO","message":"[1:09:01.183 PM]: Connection[id: c4489245-6e9e-4b95-8c40-469046386e09] - authentication successful using: SNOWFLAKE"}
{"level":"INFO","message":"[1:09:01.183 PM]: Connection[id: c4489245-6e9e-4b95-8c40-469046386e09] - connected successfully after 0.3097919998690486 milliseconds"}
{"level":"INFO","message":"[1:09:01.184 PM]: Creating new connection object"}
{"level":"INFO","message":"[1:09:01.184 PM]: Creating Connection[id: 044a5292-573c-47c0-904e-759f47e910f6] with host: zgiqitg-muve_reader_account.snowflakecomputing.com, account: zgiqitg-muve_reader_account, accessUrl: https://zgiqitg-muve_reader_account.snowflakecomputing.com, user: MUVE_ADMIN, role: , database: , schema: , warehouse: COMPUTE_WH, proxy was not configured, password is provided, region: undefined, authenticator: SNOWFLAKE, ocsp mode: FAIL_OPEN, os: darwin, os version: 24.6.0"}
{"level":"INFO","message":"[1:09:01.184 PM]: Connection[id: 044a5292-573c-47c0-904e-759f47e910f6] additional details: passcode in password is provided, passcode is not provided, private key is not provided, application: undefined, client name: snowflake-sdk, client version: 2.2.0, retry timeout: 300, private key path: undefined, private key pass is not provided, client store temporary credential: false, browser response timeout: 120000"}
{"level":"INFO","message":"[1:09:01.185 PM]: Connection[id: 044a5292-573c-47c0-904e-759f47e910f6] - connection object created successfully."}
{"level":"INFO","message":"[1:09:01.185 PM]: Connection[id: 044a5292-573c-47c0-904e-759f47e910f6] - connecting. Associated Snowflake domain: GLOBAL"}
{"level":"INFO","message":"[1:09:01.185 PM]: Connection[id: 044a5292-573c-47c0-904e-759f47e910f6] - authentication successful using: SNOWFLAKE"}
{"level":"INFO","message":"[1:09:01.185 PM]: Connection[id: 044a5292-573c-47c0-904e-759f47e910f6] - connected successfully after 0.34504100028425455 milliseconds"}
{"level":"INFO","message":"[1:09:06.259 PM]: Creating new connection object"}
{"level":"INFO","message":"[1:09:06.260 PM]: Creating Connection[id: dfe347ec-42b1-4851-96d1-54d40cba55ab] with host: zgiqitg-muve_reader_account.snowflakecomputing.com, account: zgiqitg-muve_reader_account, accessUrl: https://zgiqitg-muve_reader_account.snowflakecomputing.com, user: MUVE_ADMIN, role: , database: , schema: , warehouse: COMPUTE_WH, proxy was not configured, password is provided, region: undefined, authenticator: SNOWFLAKE, ocsp mode: FAIL_OPEN, os: darwin, os version: 24.6.0"}
{"level":"INFO","message":"[1:09:06.260 PM]: Connection[id: dfe347ec-42b1-4851-96d1-54d40cba55ab] additional details: passcode in password is provided, passcode is not provided, private key is not provided, application: undefined, client name: snowflake-sdk, client version: 2.2.0, retry timeout: 300, private key path: undefined, private key pass is not provided, client store temporary credential: false, browser response timeout: 120000"}
{"level":"INFO","message":"[1:09:06.260 PM]: Connection[id: dfe347ec-42b1-4851-96d1-54d40cba55ab] - connection object created successfully."}
{"level":"INFO","message":"[1:09:06.260 PM]: Connection[id: dfe347ec-42b1-4851-96d1-54d40cba55ab] - connecting. Associated Snowflake domain: GLOBAL"}
{"level":"INFO","message":"[1:09:06.260 PM]: Connection[id: dfe347ec-42b1-4851-96d1-54d40cba55ab] - authentication successful using: SNOWFLAKE"}
{"level":"INFO","message":"[1:09:06.261 PM]: Connection[id: dfe347ec-42b1-4851-96d1-54d40cba55ab] - connected successfully after 0.5559160001575947 milliseconds"}
{"level":"INFO","message":"[1:09:06.262 PM]: Creating new connection object"}
{"level":"INFO","message":"[1:09:06.263 PM]: Creating Connection[id: c8bf2bb2-198f-4d60-8b63-0a5862d70b70] with host: zgiqitg-muve_reader_account.snowflakecomputing.com, account: zgiqitg-muve_reader_account, accessUrl: https://zgiqitg-muve_reader_account.snowflakecomputing.com, user: MUVE_ADMIN, role: , database: , schema: , warehouse: COMPUTE_WH, proxy was not configured, password is provided, region: undefined, authenticator: SNOWFLAKE, ocsp mode: FAIL_OPEN, os: darwin, os version: 24.6.0"}
{"level":"INFO","message":"[1:09:06.263 PM]: Connection[id: c8bf2bb2-198f-4d60-8b63-0a5862d70b70] additional details: passcode in password is provided, passcode is not provided, private key is not provided, application: undefined, client name: snowflake-sdk, client version: 2.2.0, retry timeout: 300, private key path: undefined, private key pass is not provided, client store temporary credential: false, browser response timeout: 120000"}
{"level":"INFO","message":"[1:09:06.263 PM]: Connection[id: c8bf2bb2-198f-4d60-8b63-0a5862d70b70] - connection object created successfully."}
{"level":"INFO","message":"[1:09:06.263 PM]: Connection[id: c8bf2bb2-198f-4d60-8b63-0a5862d70b70] - connecting. Associated Snowflake domain: GLOBAL"}
{"level":"INFO","message":"[1:09:06.263 PM]: Connection[id: c8bf2bb2-198f-4d60-8b63-0a5862d70b70] - authentication successful using: SNOWFLAKE"}
{"level":"INFO","message":"[1:09:06.264 PM]: Connection[id: c8bf2bb2-198f-4d60-8b63-0a5862d70b70] - connected successfully after 1.0084170000627637 milliseconds"}
{"level":"INFO","message":"[1:09:08.925 PM]: Creating new connection object"}
{"level":"INFO","message":"[1:09:08.926 PM]: Creating Connection[id: d9dab00c-1496-4463-a7a4-fff1b8379121] with host: zgiqitg-muve_reader_account.snowflakecomputing.com, account: zgiqitg-muve_reader_account, accessUrl: https://zgiqitg-muve_reader_account.snowflakecomputing.com, user: MUVE_ADMIN, role: , database: , schema: , warehouse: COMPUTE_WH, proxy was not configured, password is provided, region: undefined, authenticator: SNOWFLAKE, ocsp mode: FAIL_OPEN, os: darwin, os version: 24.6.0"}
{"level":"INFO","message":"[1:09:08.926 PM]: Connection[id: d9dab00c-1496-4463-a7a4-fff1b8379121] additional details: passcode in password is provided, passcode is not provided, private key is not provided, application: undefined, client name: snowflake-sdk, client version: 2.2.0, retry timeout: 300, private key path: undefined, private key pass is not provided, client store temporary credential: false, browser response timeout: 120000"}
{"level":"INFO","message":"[1:09:08.926 PM]: Connection[id: d9dab00c-1496-4463-a7a4-fff1b8379121] - connection object created successfully."}
{"level":"INFO","message":"[1:09:08.926 PM]: Connection[id: d9dab00c-1496-4463-a7a4-fff1b8379121] - connecting. Associated Snowflake domain: GLOBAL"}
{"level":"INFO","message":"[1:09:08.926 PM]: Connection[id: d9dab00c-1496-4463-a7a4-fff1b8379121] - authentication successful using: SNOWFLAKE"}
{"level":"INFO","message":"[1:09:08.926 PM]: Connection[id: d9dab00c-1496-4463-a7a4-fff1b8379121] - connected successfully after 0.20750000001862645 milliseconds"}
{"level":"INFO","message":"[1:09:53.021 PM]: Creating new connection object"}
{"level":"INFO","message":"[1:09:53.022 PM]: Creating Connection[id: d9e9830f-a9c8-462c-a1fc-fd4f21e16d68] with host: zgiqitg-muve_reader_account.snowflakecomputing.com, account: zgiqitg-muve_reader_account, accessUrl: https://zgiqitg-muve_reader_account.snowflakecomputing.com, user: MUVE_ADMIN, role: , database: , schema: , warehouse: COMPUTE_WH, proxy was not configured, password is provided, region: undefined, authenticator: SNOWFLAKE, ocsp mode: FAIL_OPEN, os: darwin, os version: 24.6.0"}
{"level":"INFO","message":"[1:09:53.022 PM]: Connection[id: d9e9830f-a9c8-462c-a1fc-fd4f21e16d68] additional details: passcode in password is provided, passcode is not provided, private key is not provided, application: undefined, client name: snowflake-sdk, client version: 2.2.0, retry timeout: 300, private key path: undefined, private key pass is not provided, client store temporary credential: false, browser response timeout: 120000"}
{"level":"INFO","message":"[1:09:53.022 PM]: Connection[id: d9e9830f-a9c8-462c-a1fc-fd4f21e16d68] - connection object created successfully."}
{"level":"INFO","message":"[1:09:53.022 PM]: Connection[id: d9e9830f-a9c8-462c-a1fc-fd4f21e16d68] - connecting. Associated Snowflake domain: GLOBAL"}
{"level":"INFO","message":"[1:09:53.022 PM]: Connection[id: d9e9830f-a9c8-462c-a1fc-fd4f21e16d68] - authentication successful using: SNOWFLAKE"}
{"level":"INFO","message":"[1:09:53.022 PM]: Connection[id: d9e9830f-a9c8-462c-a1fc-fd4f21e16d68] - connected successfully after 0.2087079999037087 milliseconds"}
